31-Mar-2015 17:01:49.193 INFO [main] org.apache.catalina.startup.VersionLoggerListener.log Server version:        Apache Tomcat/8.0.20
31-Mar-2015 17:01:49.198 INFO [main] org.apache.catalina.startup.VersionLoggerListener.log Server built:          Feb 15 2015 18:10:42 UTC
31-Mar-2015 17:01:49.198 INFO [main] org.apache.catalina.startup.VersionLoggerListener.log Server number:         8.0.20.0
31-Mar-2015 17:01:49.199 INFO [main] org.apache.catalina.startup.VersionLoggerListener.log OS Name:               Mac OS X
31-Mar-2015 17:01:49.199 INFO [main] org.apache.catalina.startup.VersionLoggerListener.log OS Version:            10.10.2
31-Mar-2015 17:01:49.199 INFO [main] org.apache.catalina.startup.VersionLoggerListener.log Architecture:          x86_64
31-Mar-2015 17:01:49.199 INFO [main] org.apache.catalina.startup.VersionLoggerListener.log Java Home:             /Library/Java/JavaVirtualMachines/jdk1.8.0_40.jdk/Contents/Home/jre
31-Mar-2015 17:01:49.199 INFO [main] org.apache.catalina.startup.VersionLoggerListener.log JVM Version:           1.8.0_40-b26
31-Mar-2015 17:01:49.199 INFO [main] org.apache.catalina.startup.VersionLoggerListener.log JVM Vendor:            Oracle Corporation
31-Mar-2015 17:01:49.200 INFO [main] org.apache.catalina.startup.VersionLoggerListener.log CATALINA_BASE:         /usr/local/Cellar/tomcat/8.0.20/libexec
31-Mar-2015 17:01:49.200 INFO [main] org.apache.catalina.startup.VersionLoggerListener.log CATALINA_HOME:         /usr/local/Cellar/tomcat/8.0.20/libexec
31-Mar-2015 17:01:49.200 INFO [main] org.apache.catalina.startup.VersionLoggerListener.log Command line argument: -Djava.util.logging.config.file=/usr/local/Cellar/tomcat/8.0.20/libexec/conf/logging.properties
31-Mar-2015 17:01:49.201 INFO [main] org.apache.catalina.startup.VersionLoggerListener.log Command line argument: -Djava.util.logging.manager=org.apache.juli.ClassLoaderLogManager
31-Mar-2015 17:01:49.201 INFO [main] org.apache.catalina.startup.VersionLoggerListener.log Command line argument: -Djava.endorsed.dirs=/usr/local/Cellar/tomcat/8.0.20/libexec/endorsed
31-Mar-2015 17:01:49.201 INFO [main] org.apache.catalina.startup.VersionLoggerListener.log Command line argument: -Dcatalina.base=/usr/local/Cellar/tomcat/8.0.20/libexec
31-Mar-2015 17:01:49.201 INFO [main] org.apache.catalina.startup.VersionLoggerListener.log Command line argument: -Dcatalina.home=/usr/local/Cellar/tomcat/8.0.20/libexec
31-Mar-2015 17:01:49.201 INFO [main] org.apache.catalina.startup.VersionLoggerListener.log Command line argument: -Djava.io.tmpdir=/usr/local/Cellar/tomcat/8.0.20/libexec/temp
31-Mar-2015 17:01:49.201 INFO [main] org.apache.catalina.core.AprLifecycleListener.lifecycleEvent The APR based Apache Tomcat Native library which allows optimal performance in production environments was not found on the java.library.path: /Users/hsp/Library/Java/Extensions:/Library/Java/Extensions:/Network/Library/Java/Extensions:/System/Library/Java/Extensions:/usr/lib/java:.
31-Mar-2015 17:01:49.478 INFO [main] org.apache.coyote.AbstractProtocol.init Initializing ProtocolHandler ["http-nio-8080"]
31-Mar-2015 17:01:49.551 INFO [main] org.apache.tomcat.util.net.NioSelectorPool.getSharedSelector Using a shared selector for servlet write/read
31-Mar-2015 17:01:49.555 INFO [main] org.apache.coyote.AbstractProtocol.init Initializing ProtocolHandler ["ajp-nio-8009"]
31-Mar-2015 17:01:49.557 INFO [main] org.apache.tomcat.util.net.NioSelectorPool.getSharedSelector Using a shared selector for servlet write/read
31-Mar-2015 17:01:49.558 INFO [main] org.apache.catalina.startup.Catalina.load Initialization processed in 1087 ms
31-Mar-2015 17:01:49.603 INFO [main] org.apache.catalina.core.StandardService.startInternal Starting service Catalina
31-Mar-2015 17:01:49.603 INFO [main] org.apache.catalina.core.StandardEngine.startInternal Starting Servlet Engine: Apache Tomcat/8.0.20
31-Mar-2015 17:01:49.626 INFO [localhost-startStop-1] org.apache.catalina.startup.HostConfig.deployDirectory Deploying web application directory /usr/local/Cellar/tomcat/8.0.20/libexec/webapps/docs
31-Mar-2015 17:01:50.074 INFO [localhost-startStop-1] org.apache.catalina.startup.HostConfig.deployDirectory Deployment of web application directory /usr/local/Cellar/tomcat/8.0.20/libexec/webapps/docs has finished in 447 ms
31-Mar-2015 17:01:50.074 INFO [localhost-startStop-1] org.apache.catalina.startup.HostConfig.deployDirectory Deploying web application directory /usr/local/Cellar/tomcat/8.0.20/libexec/webapps/examples
31-Mar-2015 17:01:50.673 INFO [localhost-startStop-1] org.apache.catalina.startup.HostConfig.deployDirectory Deployment of web application directory /usr/local/Cellar/tomcat/8.0.20/libexec/webapps/examples has finished in 599 ms
31-Mar-2015 17:01:50.673 INFO [localhost-startStop-1] org.apache.catalina.startup.HostConfig.deployDirectory Deploying web application directory /usr/local/Cellar/tomcat/8.0.20/libexec/webapps/host-manager
31-Mar-2015 17:01:50.738 INFO [localhost-startStop-1] org.apache.catalina.startup.HostConfig.deployDirectory Deployment of web application directory /usr/local/Cellar/tomcat/8.0.20/libexec/webapps/host-manager has finished in 65 ms
31-Mar-2015 17:01:50.738 INFO [localhost-startStop-1] org.apache.catalina.startup.HostConfig.deployDirectory Deploying web application directory /usr/local/Cellar/tomcat/8.0.20/libexec/webapps/manager
31-Mar-2015 17:01:50.795 INFO [localhost-startStop-1] org.apache.catalina.startup.HostConfig.deployDirectory Deployment of web application directory /usr/local/Cellar/tomcat/8.0.20/libexec/webapps/manager has finished in 57 ms
31-Mar-2015 17:01:50.795 INFO [localhost-startStop-1] org.apache.catalina.startup.HostConfig.deployDirectory Deploying web application directory /usr/local/Cellar/tomcat/8.0.20/libexec/webapps/ROOT
31-Mar-2015 17:01:50.817 INFO [localhost-startStop-1] org.apache.catalina.startup.HostConfig.deployDirectory Deployment of web application directory /usr/local/Cellar/tomcat/8.0.20/libexec/webapps/ROOT has finished in 22 ms
31-Mar-2015 17:01:50.821 INFO [main] org.apache.coyote.AbstractProtocol.start Starting ProtocolHandler ["http-nio-8080"]
31-Mar-2015 17:01:50.832 INFO [main] org.apache.coyote.AbstractProtocol.start Starting ProtocolHandler ["ajp-nio-8009"]
31-Mar-2015 17:01:50.833 INFO [main] org.apache.catalina.startup.Catalina.start Server startup in 1274 ms
31-Mar-2015 17:03:28.302 INFO [main] org.apache.catalina.core.StandardServer.await A valid shutdown command was received via the shutdown port. Stopping the Server instance.
31-Mar-2015 17:03:28.303 INFO [main] org.apache.coyote.AbstractProtocol.pause Pausing ProtocolHandler ["http-nio-8080"]
31-Mar-2015 17:03:28.357 INFO [main] org.apache.coyote.AbstractProtocol.pause Pausing ProtocolHandler ["ajp-nio-8009"]
31-Mar-2015 17:03:28.410 INFO [main] org.apache.catalina.core.StandardService.stopInternal Stopping service Catalina
31-Mar-2015 17:03:28.443 INFO [main] org.apache.coyote.AbstractProtocol.stop Stopping ProtocolHandler ["http-nio-8080"]
31-Mar-2015 17:03:28.553 INFO [main] org.apache.coyote.AbstractProtocol.stop Stopping ProtocolHandler ["ajp-nio-8009"]
31-Mar-2015 17:03:28.553 INFO [main] org.apache.coyote.AbstractProtocol.destroy Destroying ProtocolHandler ["http-nio-8080"]
31-Mar-2015 17:03:28.554 INFO [main] org.apache.coyote.AbstractProtocol.destroy Destroying ProtocolHandler ["ajp-nio-8009"]
31-Mar-2015 17:04:50.088 INFO [main] org.apache.catalina.startup.VersionLoggerListener.log Server version:        Apache Tomcat/8.0.20
31-Mar-2015 17:04:50.089 INFO [main] org.apache.catalina.startup.VersionLoggerListener.log Server built:          Feb 15 2015 18:10:42 UTC
31-Mar-2015 17:04:50.090 INFO [main] org.apache.catalina.startup.VersionLoggerListener.log Server number:         8.0.20.0
31-Mar-2015 17:04:50.090 INFO [main] org.apache.catalina.startup.VersionLoggerListener.log OS Name:               Mac OS X
31-Mar-2015 17:04:50.090 INFO [main] org.apache.catalina.startup.VersionLoggerListener.log OS Version:            10.10.2
31-Mar-2015 17:04:50.090 INFO [main] org.apache.catalina.startup.VersionLoggerListener.log Architecture:          x86_64
31-Mar-2015 17:04:50.090 INFO [main] org.apache.catalina.startup.VersionLoggerListener.log Java Home:             /Library/Java/JavaVirtualMachines/jdk1.8.0_40.jdk/Contents/Home/jre
31-Mar-2015 17:04:50.090 INFO [main] org.apache.catalina.startup.VersionLoggerListener.log JVM Version:           1.8.0_40-b26
31-Mar-2015 17:04:50.090 INFO [main] org.apache.catalina.startup.VersionLoggerListener.log JVM Vendor:            Oracle Corporation
31-Mar-2015 17:04:50.090 INFO [main] org.apache.catalina.startup.VersionLoggerListener.log CATALINA_BASE:         /usr/local/Cellar/tomcat/8.0.20/libexec
31-Mar-2015 17:04:50.090 INFO [main] org.apache.catalina.startup.VersionLoggerListener.log CATALINA_HOME:         /usr/local/Cellar/tomcat/8.0.20/libexec
31-Mar-2015 17:04:50.091 INFO [main] org.apache.catalina.startup.VersionLoggerListener.log Command line argument: -Djava.util.logging.config.file=/usr/local/Cellar/tomcat/8.0.20/libexec/conf/logging.properties
31-Mar-2015 17:04:50.091 INFO [main] org.apache.catalina.startup.VersionLoggerListener.log Command line argument: -Djava.util.logging.manager=org.apache.juli.ClassLoaderLogManager
31-Mar-2015 17:04:50.091 INFO [main] org.apache.catalina.startup.VersionLoggerListener.log Command line argument: -Djava.endorsed.dirs=/usr/local/Cellar/tomcat/8.0.20/libexec/endorsed
31-Mar-2015 17:04:50.091 INFO [main] org.apache.catalina.startup.VersionLoggerListener.log Command line argument: -Dcatalina.base=/usr/local/Cellar/tomcat/8.0.20/libexec
31-Mar-2015 17:04:50.092 INFO [main] org.apache.catalina.startup.VersionLoggerListener.log Command line argument: -Dcatalina.home=/usr/local/Cellar/tomcat/8.0.20/libexec
31-Mar-2015 17:04:50.092 INFO [main] org.apache.catalina.startup.VersionLoggerListener.log Command line argument: -Djava.io.tmpdir=/usr/local/Cellar/tomcat/8.0.20/libexec/temp
31-Mar-2015 17:04:50.092 INFO [main] org.apache.catalina.core.AprLifecycleListener.lifecycleEvent The APR based Apache Tomcat Native library which allows optimal performance in production environments was not found on the java.library.path: /Users/hsp/Library/Java/Extensions:/Library/Java/Extensions:/Network/Library/Java/Extensions:/System/Library/Java/Extensions:/usr/lib/java:.
31-Mar-2015 17:04:50.254 INFO [main] org.apache.coyote.AbstractProtocol.init Initializing ProtocolHandler ["http-nio-8080"]
31-Mar-2015 17:04:50.286 INFO [main] org.apache.tomcat.util.net.NioSelectorPool.getSharedSelector Using a shared selector for servlet write/read
31-Mar-2015 17:04:50.290 INFO [main] org.apache.coyote.AbstractProtocol.init Initializing ProtocolHandler ["ajp-nio-8009"]
31-Mar-2015 17:04:50.292 INFO [main] org.apache.tomcat.util.net.NioSelectorPool.getSharedSelector Using a shared selector for servlet write/read
31-Mar-2015 17:04:50.293 INFO [main] org.apache.catalina.startup.Catalina.load Initialization processed in 647 ms
31-Mar-2015 17:04:50.325 INFO [main] org.apache.catalina.core.StandardService.startInternal Starting service Catalina
31-Mar-2015 17:04:50.325 INFO [main] org.apache.catalina.core.StandardEngine.startInternal Starting Servlet Engine: Apache Tomcat/8.0.20
31-Mar-2015 17:04:50.334 INFO [localhost-startStop-1] org.apache.catalina.startup.HostConfig.deployDirectory Deploying web application directory /usr/local/Cellar/tomcat/8.0.20/libexec/webapps/docs
31-Mar-2015 17:04:50.585 INFO [localhost-startStop-1] org.apache.catalina.startup.HostConfig.deployDirectory Deployment of web application directory /usr/local/Cellar/tomcat/8.0.20/libexec/webapps/docs has finished in 251 ms
31-Mar-2015 17:04:50.586 INFO [localhost-startStop-1] org.apache.catalina.startup.HostConfig.deployDirectory Deploying web application directory /usr/local/Cellar/tomcat/8.0.20/libexec/webapps/examples
31-Mar-2015 17:04:50.895 INFO [localhost-startStop-1] org.apache.catalina.startup.HostConfig.deployDirectory Deployment of web application directory /usr/local/Cellar/tomcat/8.0.20/libexec/webapps/examples has finished in 309 ms
31-Mar-2015 17:04:50.895 INFO [localhost-startStop-1] org.apache.catalina.startup.HostConfig.deployDirectory Deploying web application directory /usr/local/Cellar/tomcat/8.0.20/libexec/webapps/host-manager
31-Mar-2015 17:04:50.916 INFO [localhost-startStop-1] org.apache.catalina.startup.HostConfig.deployDirectory Deployment of web application directory /usr/local/Cellar/tomcat/8.0.20/libexec/webapps/host-manager has finished in 21 ms
31-Mar-2015 17:04:50.916 INFO [localhost-startStop-1] org.apache.catalina.startup.HostConfig.deployDirectory Deploying web application directory /usr/local/Cellar/tomcat/8.0.20/libexec/webapps/manager
31-Mar-2015 17:04:50.936 INFO [localhost-startStop-1] org.apache.catalina.startup.HostConfig.deployDirectory Deployment of web application directory /usr/local/Cellar/tomcat/8.0.20/libexec/webapps/manager has finished in 20 ms
31-Mar-2015 17:04:50.936 INFO [localhost-startStop-1] org.apache.catalina.startup.HostConfig.deployDirectory Deploying web application directory /usr/local/Cellar/tomcat/8.0.20/libexec/webapps/ROOT
31-Mar-2015 17:04:50.950 INFO [localhost-startStop-1] org.apache.catalina.startup.HostConfig.deployDirectory Deployment of web application directory /usr/local/Cellar/tomcat/8.0.20/libexec/webapps/ROOT has finished in 14 ms
31-Mar-2015 17:04:50.953 INFO [main] org.apache.coyote.AbstractProtocol.start Starting ProtocolHandler ["http-nio-8080"]
31-Mar-2015 17:04:50.980 INFO [main] org.apache.coyote.AbstractProtocol.start Starting ProtocolHandler ["ajp-nio-8009"]
31-Mar-2015 17:04:50.982 INFO [main] org.apache.catalina.startup.Catalina.start Server startup in 688 ms
31-Mar-2015 17:05:11.504 INFO [main] org.apache.catalina.core.StandardServer.await A valid shutdown command was received via the shutdown port. Stopping the Server instance.
31-Mar-2015 17:05:11.505 INFO [main] org.apache.coyote.AbstractProtocol.pause Pausing ProtocolHandler ["http-nio-8080"]
31-Mar-2015 17:05:11.558 INFO [main] org.apache.coyote.AbstractProtocol.pause Pausing ProtocolHandler ["ajp-nio-8009"]
31-Mar-2015 17:05:11.609 INFO [main] org.apache.catalina.core.StandardService.stopInternal Stopping service Catalina
31-Mar-2015 17:05:11.631 INFO [main] org.apache.coyote.AbstractProtocol.stop Stopping ProtocolHandler ["http-nio-8080"]
31-Mar-2015 17:05:11.634 INFO [main] org.apache.coyote.AbstractProtocol.stop Stopping ProtocolHandler ["ajp-nio-8009"]
31-Mar-2015 17:05:11.634 INFO [main] org.apache.coyote.AbstractProtocol.destroy Destroying ProtocolHandler ["http-nio-8080"]
31-Mar-2015 17:05:11.635 INFO [main] org.apache.coyote.AbstractProtocol.destroy Destroying ProtocolHandler ["ajp-nio-8009"]
31-Mar-2015 17:07:11.758 INFO [main] org.apache.catalina.startup.VersionLoggerListener.log Server version:        Apache Tomcat/8.0.20
31-Mar-2015 17:07:11.760 INFO [main] org.apache.catalina.startup.VersionLoggerListener.log Server built:          Feb 15 2015 18:10:42 UTC
31-Mar-2015 17:07:11.760 INFO [main] org.apache.catalina.startup.VersionLoggerListener.log Server number:         8.0.20.0
31-Mar-2015 17:07:11.760 INFO [main] org.apache.catalina.startup.VersionLoggerListener.log OS Name:               Mac OS X
31-Mar-2015 17:07:11.760 INFO [main] org.apache.catalina.startup.VersionLoggerListener.log OS Version:            10.10.2
31-Mar-2015 17:07:11.760 INFO [main] org.apache.catalina.startup.VersionLoggerListener.log Architecture:          x86_64
31-Mar-2015 17:07:11.760 INFO [main] org.apache.catalina.startup.VersionLoggerListener.log Java Home:             /Library/Java/JavaVirtualMachines/jdk1.8.0_40.jdk/Contents/Home/jre
31-Mar-2015 17:07:11.760 INFO [main] org.apache.catalina.startup.VersionLoggerListener.log JVM Version:           1.8.0_40-b26
31-Mar-2015 17:07:11.761 INFO [main] org.apache.catalina.startup.VersionLoggerListener.log JVM Vendor:            Oracle Corporation
31-Mar-2015 17:07:11.761 INFO [main] org.apache.catalina.startup.VersionLoggerListener.log CATALINA_BASE:         /Users/hsp/code/cs390/java/tomcat
31-Mar-2015 17:07:11.761 INFO [main] org.apache.catalina.startup.VersionLoggerListener.log CATALINA_HOME:         /Users/hsp/code/cs390/java/tomcat
31-Mar-2015 17:07:11.763 INFO [main] org.apache.catalina.startup.VersionLoggerListener.log Command line argument: -Djava.util.logging.config.file=/Users/hsp/code/cs390/java/tomcat/conf/logging.properties
31-Mar-2015 17:07:11.763 INFO [main] org.apache.catalina.startup.VersionLoggerListener.log Command line argument: -Djava.util.logging.manager=org.apache.juli.ClassLoaderLogManager
31-Mar-2015 17:07:11.763 INFO [main] org.apache.catalina.startup.VersionLoggerListener.log Command line argument: -Djava.endorsed.dirs=/Users/hsp/code/cs390/java/tomcat/endorsed
31-Mar-2015 17:07:11.763 INFO [main] org.apache.catalina.startup.VersionLoggerListener.log Command line argument: -Dcatalina.base=/Users/hsp/code/cs390/java/tomcat
31-Mar-2015 17:07:11.763 INFO [main] org.apache.catalina.startup.VersionLoggerListener.log Command line argument: -Dcatalina.home=/Users/hsp/code/cs390/java/tomcat
31-Mar-2015 17:07:11.763 INFO [main] org.apache.catalina.startup.VersionLoggerListener.log Command line argument: -Djava.io.tmpdir=/Users/hsp/code/cs390/java/tomcat/temp
31-Mar-2015 17:07:11.763 INFO [main] org.apache.catalina.core.AprLifecycleListener.lifecycleEvent The APR based Apache Tomcat Native library which allows optimal performance in production environments was not found on the java.library.path: /Users/hsp/Library/Java/Extensions:/Library/Java/Extensions:/Network/Library/Java/Extensions:/System/Library/Java/Extensions:/usr/lib/java:.
31-Mar-2015 17:07:11.920 INFO [main] org.apache.coyote.AbstractProtocol.init Initializing ProtocolHandler ["http-nio-8080"]
31-Mar-2015 17:07:11.950 INFO [main] org.apache.tomcat.util.net.NioSelectorPool.getSharedSelector Using a shared selector for servlet write/read
31-Mar-2015 17:07:11.952 INFO [main] org.apache.coyote.AbstractProtocol.init Initializing ProtocolHandler ["ajp-nio-8009"]
31-Mar-2015 17:07:11.954 INFO [main] org.apache.tomcat.util.net.NioSelectorPool.getSharedSelector Using a shared selector for servlet write/read
31-Mar-2015 17:07:11.954 INFO [main] org.apache.catalina.startup.Catalina.load Initialization processed in 586 ms
31-Mar-2015 17:07:11.977 INFO [main] org.apache.catalina.core.StandardService.startInternal Starting service Catalina
31-Mar-2015 17:07:11.978 INFO [main] org.apache.catalina.core.StandardEngine.startInternal Starting Servlet Engine: Apache Tomcat/8.0.20
31-Mar-2015 17:07:11.985 INFO [localhost-startStop-1] org.apache.catalina.startup.HostConfig.deployDirectory Deploying web application directory /Users/hsp/code/cs390/java/tomcat/webapps/docs
31-Mar-2015 17:07:12.255 INFO [localhost-startStop-1] org.apache.catalina.startup.HostConfig.deployDirectory Deployment of web application directory /Users/hsp/code/cs390/java/tomcat/webapps/docs has finished in 270 ms
31-Mar-2015 17:07:12.255 INFO [localhost-startStop-1] org.apache.catalina.startup.HostConfig.deployDirectory Deploying web application directory /Users/hsp/code/cs390/java/tomcat/webapps/examples
31-Mar-2015 17:07:12.560 INFO [localhost-startStop-1] org.apache.catalina.startup.HostConfig.deployDirectory Deployment of web application directory /Users/hsp/code/cs390/java/tomcat/webapps/examples has finished in 305 ms
31-Mar-2015 17:07:12.560 INFO [localhost-startStop-1] org.apache.catalina.startup.HostConfig.deployDirectory Deploying web application directory /Users/hsp/code/cs390/java/tomcat/webapps/host-manager
31-Mar-2015 17:07:12.584 INFO [localhost-startStop-1] org.apache.catalina.startup.HostConfig.deployDirectory Deployment of web application directory /Users/hsp/code/cs390/java/tomcat/webapps/host-manager has finished in 24 ms
31-Mar-2015 17:07:12.584 INFO [localhost-startStop-1] org.apache.catalina.startup.HostConfig.deployDirectory Deploying web application directory /Users/hsp/code/cs390/java/tomcat/webapps/manager
31-Mar-2015 17:07:12.605 INFO [localhost-startStop-1] org.apache.catalina.startup.HostConfig.deployDirectory Deployment of web application directory /Users/hsp/code/cs390/java/tomcat/webapps/manager has finished in 21 ms
31-Mar-2015 17:07:12.606 INFO [localhost-startStop-1] org.apache.catalina.startup.HostConfig.deployDirectory Deploying web application directory /Users/hsp/code/cs390/java/tomcat/webapps/ROOT
31-Mar-2015 17:07:12.621 INFO [localhost-startStop-1] org.apache.catalina.startup.HostConfig.deployDirectory Deployment of web application directory /Users/hsp/code/cs390/java/tomcat/webapps/ROOT has finished in 15 ms
31-Mar-2015 17:07:12.624 INFO [main] org.apache.coyote.AbstractProtocol.start Starting ProtocolHandler ["http-nio-8080"]
31-Mar-2015 17:07:12.630 INFO [main] org.apache.coyote.AbstractProtocol.start Starting ProtocolHandler ["ajp-nio-8009"]
31-Mar-2015 17:07:12.631 INFO [main] org.apache.catalina.startup.Catalina.start Server startup in 676 ms
