26-Mar-2015 15:01:48.029 INFO [main] org.apache.catalina.startup.VersionLoggerListener.log Server version:        Apache Tomcat/8.0.20
26-Mar-2015 15:01:48.031 INFO [main] org.apache.catalina.startup.VersionLoggerListener.log Server built:          Feb 15 2015 18:10:42 UTC
26-Mar-2015 15:01:48.031 INFO [main] org.apache.catalina.startup.VersionLoggerListener.log Server number:         8.0.20.0
26-Mar-2015 15:01:48.031 INFO [main] org.apache.catalina.startup.VersionLoggerListener.log OS Name:               Mac OS X
26-Mar-2015 15:01:48.031 INFO [main] org.apache.catalina.startup.VersionLoggerListener.log OS Version:            10.10.2
26-Mar-2015 15:01:48.032 INFO [main] org.apache.catalina.startup.VersionLoggerListener.log Architecture:          x86_64
26-Mar-2015 15:01:48.032 INFO [main] org.apache.catalina.startup.VersionLoggerListener.log Java Home:             /Library/Java/JavaVirtualMachines/jdk1.8.0_40.jdk/Contents/Home/jre
26-Mar-2015 15:01:48.032 INFO [main] org.apache.catalina.startup.VersionLoggerListener.log JVM Version:           1.8.0_40-b26
26-Mar-2015 15:01:48.032 INFO [main] org.apache.catalina.startup.VersionLoggerListener.log JVM Vendor:            Oracle Corporation
26-Mar-2015 15:01:48.032 INFO [main] org.apache.catalina.startup.VersionLoggerListener.log CATALINA_BASE:         /usr/local/Cellar/tomcat/8.0.20/libexec
26-Mar-2015 15:01:48.032 INFO [main] org.apache.catalina.startup.VersionLoggerListener.log CATALINA_HOME:         /usr/local/Cellar/tomcat/8.0.20/libexec
26-Mar-2015 15:01:48.033 INFO [main] org.apache.catalina.startup.VersionLoggerListener.log Command line argument: -Djava.util.logging.config.file=/usr/local/Cellar/tomcat/8.0.20/libexec/conf/logging.properties
26-Mar-2015 15:01:48.033 INFO [main] org.apache.catalina.startup.VersionLoggerListener.log Command line argument: -Djava.util.logging.manager=org.apache.juli.ClassLoaderLogManager
26-Mar-2015 15:01:48.034 INFO [main] org.apache.catalina.startup.VersionLoggerListener.log Command line argument: -Djava.endorsed.dirs=/usr/local/Cellar/tomcat/8.0.20/libexec/endorsed
26-Mar-2015 15:01:48.034 INFO [main] org.apache.catalina.startup.VersionLoggerListener.log Command line argument: -Dcatalina.base=/usr/local/Cellar/tomcat/8.0.20/libexec
26-Mar-2015 15:01:48.034 INFO [main] org.apache.catalina.startup.VersionLoggerListener.log Command line argument: -Dcatalina.home=/usr/local/Cellar/tomcat/8.0.20/libexec
26-Mar-2015 15:01:48.034 INFO [main] org.apache.catalina.startup.VersionLoggerListener.log Command line argument: -Djava.io.tmpdir=/usr/local/Cellar/tomcat/8.0.20/libexec/temp
26-Mar-2015 15:01:48.034 INFO [main] org.apache.catalina.core.AprLifecycleListener.lifecycleEvent The APR based Apache Tomcat Native library which allows optimal performance in production environments was not found on the java.library.path: /Users/hsp/Library/Java/Extensions:/Library/Java/Extensions:/Network/Library/Java/Extensions:/System/Library/Java/Extensions:/usr/lib/java:.
26-Mar-2015 15:01:48.208 INFO [main] org.apache.coyote.AbstractProtocol.init Initializing ProtocolHandler ["http-nio-8080"]
26-Mar-2015 15:01:48.248 INFO [main] org.apache.tomcat.util.net.NioSelectorPool.getSharedSelector Using a shared selector for servlet write/read
26-Mar-2015 15:01:48.253 INFO [main] org.apache.coyote.AbstractProtocol.init Initializing ProtocolHandler ["ajp-nio-8009"]
26-Mar-2015 15:01:48.255 INFO [main] org.apache.tomcat.util.net.NioSelectorPool.getSharedSelector Using a shared selector for servlet write/read
26-Mar-2015 15:01:48.256 INFO [main] org.apache.catalina.startup.Catalina.load Initialization processed in 842 ms
26-Mar-2015 15:01:48.287 INFO [main] org.apache.catalina.core.StandardService.startInternal Starting service Catalina
26-Mar-2015 15:01:48.291 INFO [main] org.apache.catalina.core.StandardEngine.startInternal Starting Servlet Engine: Apache Tomcat/8.0.20
26-Mar-2015 15:01:48.301 INFO [localhost-startStop-1] org.apache.catalina.startup.HostConfig.deployDirectory Deploying web application directory /usr/local/Cellar/tomcat/8.0.20/libexec/webapps/docs
26-Mar-2015 15:01:48.671 INFO [localhost-startStop-1] org.apache.catalina.startup.HostConfig.deployDirectory Deployment of web application directory /usr/local/Cellar/tomcat/8.0.20/libexec/webapps/docs has finished in 369 ms
26-Mar-2015 15:01:48.672 INFO [localhost-startStop-1] org.apache.catalina.startup.HostConfig.deployDirectory Deploying web application directory /usr/local/Cellar/tomcat/8.0.20/libexec/webapps/examples
26-Mar-2015 15:01:49.016 INFO [localhost-startStop-1] org.apache.catalina.startup.HostConfig.deployDirectory Deployment of web application directory /usr/local/Cellar/tomcat/8.0.20/libexec/webapps/examples has finished in 344 ms
26-Mar-2015 15:01:49.016 INFO [localhost-startStop-1] org.apache.catalina.startup.HostConfig.deployDirectory Deploying web application directory /usr/local/Cellar/tomcat/8.0.20/libexec/webapps/host-manager
26-Mar-2015 15:01:49.040 INFO [localhost-startStop-1] org.apache.catalina.startup.HostConfig.deployDirectory Deployment of web application directory /usr/local/Cellar/tomcat/8.0.20/libexec/webapps/host-manager has finished in 24 ms
26-Mar-2015 15:01:49.041 INFO [localhost-startStop-1] org.apache.catalina.startup.HostConfig.deployDirectory Deploying web application directory /usr/local/Cellar/tomcat/8.0.20/libexec/webapps/manager
26-Mar-2015 15:01:49.065 INFO [localhost-startStop-1] org.apache.catalina.startup.HostConfig.deployDirectory Deployment of web application directory /usr/local/Cellar/tomcat/8.0.20/libexec/webapps/manager has finished in 24 ms
26-Mar-2015 15:01:49.065 INFO [localhost-startStop-1] org.apache.catalina.startup.HostConfig.deployDirectory Deploying web application directory /usr/local/Cellar/tomcat/8.0.20/libexec/webapps/ROOT
26-Mar-2015 15:01:49.080 INFO [localhost-startStop-1] org.apache.catalina.startup.HostConfig.deployDirectory Deployment of web application directory /usr/local/Cellar/tomcat/8.0.20/libexec/webapps/ROOT has finished in 15 ms
26-Mar-2015 15:01:49.084 INFO [main] org.apache.coyote.AbstractProtocol.start Starting ProtocolHandler ["http-nio-8080"]
26-Mar-2015 15:01:49.090 INFO [main] org.apache.coyote.AbstractProtocol.start Starting ProtocolHandler ["ajp-nio-8009"]
26-Mar-2015 15:01:49.091 INFO [main] org.apache.catalina.startup.Catalina.start Server startup in 834 ms
26-Mar-2015 15:02:08.013 INFO [main] org.apache.catalina.core.StandardServer.await A valid shutdown command was received via the shutdown port. Stopping the Server instance.
26-Mar-2015 15:02:08.013 INFO [main] org.apache.coyote.AbstractProtocol.pause Pausing ProtocolHandler ["http-nio-8080"]
26-Mar-2015 15:02:08.066 INFO [main] org.apache.coyote.AbstractProtocol.pause Pausing ProtocolHandler ["ajp-nio-8009"]
26-Mar-2015 15:02:08.118 INFO [main] org.apache.catalina.core.StandardService.stopInternal Stopping service Catalina
26-Mar-2015 15:02:08.149 INFO [main] org.apache.coyote.AbstractProtocol.stop Stopping ProtocolHandler ["http-nio-8080"]
26-Mar-2015 15:02:08.153 INFO [main] org.apache.coyote.AbstractProtocol.stop Stopping ProtocolHandler ["ajp-nio-8009"]
26-Mar-2015 15:02:08.154 INFO [main] org.apache.coyote.AbstractProtocol.destroy Destroying ProtocolHandler ["http-nio-8080"]
26-Mar-2015 15:02:08.156 INFO [main] org.apache.coyote.AbstractProtocol.destroy Destroying ProtocolHandler ["ajp-nio-8009"]
